
=== Tue Mar 28 21:09:48 2023

Packages were changed.
Update Mode: updateDependencies

The following packages were updated:
  com.unity.2d.animation from version 5.0.3 to 5.2.0
  com.unity.2d.psdimporter from version 4.0.2 to 4.3.0
  com.unity.2d.spriteshape from version 5.1.0 to 5.3.0
  com.unity.collab-proxy from version 1.3.9 to 1.17.2
  com.unity.ide.visualstudio from version 2.0.5 to 2.0.16
  com.unity.ide.vscode from version 1.2.3 to 1.2.5
  com.unity.test-framework from version 1.1.19 to 1.1.31
  com.unity.textmeshpro from version 3.0.1 to 3.0.6
  com.unity.timeline from version 1.4.4 to 1.4.8

=== Thu Mar 30 10:14:19 2023

Packages were changed.
Update Mode: updateDependencies

The following packages were updated:
  com.unity.collab-proxy from version 1.17.2 to 2.0.0
  com.unity.ide.rider from version 2.0.7 to 3.0.18
  com.unity.ide.visualstudio from version 2.0.16 to 2.0.17
  com.unity.test-framework from version 1.1.31 to 1.1.33
